<?xml version="1.0" encoding="UTF-8"?>
<testsuite xmlns:xsi="http://www.w3.org/2001/XMLSchema-instance" xsi:noNamespaceSchemaLocation="https://maven.apache.org/surefire/maven-surefire-plugin/xsd/surefire-test-report.xsd" version="3.0.2" name="gc.unir.actividad2.gateway.GatewayApplicationTests" time="4.852" tests="1" errors="0" skipped="0" failures="0">
  <properties>
[...]
</properties>
  <testcase name="contextLoads" classname="gc.unir.actividad2.gateway.GatewayApplicationTests" time="0.655">
    <system-out><![CDATA[21:10:43.997 [main] INFO org.springframework.test.context.support.AnnotationConfigContextLoaderUtils -- Could not detect default configuration classes for test class [gc.unir.actividad2.gateway.GatewayApplicationTests]: GatewayApplicationTests does not declare any static, non-private, non-final, nested classes annotated with @Configuration.
21:10:44.107 [main] INFO org.springframework.boot.test.context.SpringBootTestContextBootstrapper -- Found @SpringBootConfiguration gc.unir.actividad2.gateway.GatewayApplication for test class gc.unir.actividad2.gateway.GatewayApplicationTests

  .   ____          _            __ _ _
 /\\ / ___'_ __ _ _(_)_ __  __ _ \ \ \ \
( ( )\___ | '_ | '_| | '_ \/ _` | \ \ \ \
 \\/  ___)| |_)| | | | | || (_| |  ) ) ) )
  '  |____| .__|_| |_|_| |_\__, | / / / /
 =========|_|==============|___/=/_/_/_/

 :: Spring Boot ::                (v3.4.2)

2025-02-26T21:10:44.776-06:00  INFO 10908 --- [gateway] [           main] g.u.a.gateway.GatewayApplicationTests    : Starting GatewayApplicationTests using Java 18.0.2.1 with PID 10908 (started by Gaby in D:\personal\maestria\1erSemestre\DesarrolloWebIntegral\Actividades\actividad2\despliegue\gateway)
2025-02-26T21:10:44.777-06:00  INFO 10908 --- [gateway] [           main] g.u.a.gateway.GatewayApplicationTests    : No active profile set, falling back to 1 default profile: "default"
2025-02-26T21:10:45.939-06:00  INFO 10908 --- [gateway] [           main] o.s.cloud.context.scope.GenericScope     : BeanFactory id=60268f18-4b62-3ff0-8d84-71194b32e986
2025-02-26T21:10:47.122-06:00  INFO 10908 --- [gateway] [           main] o.s.c.g.r.RouteDefinitionRouteLocator    : Loaded RoutePredicateFactory [After]
2025-02-26T21:10:47.122-06:00  INFO 10908 --- [gateway] [           main] o.s.c.g.r.RouteDefinitionRouteLocator    : Loaded RoutePredicateFactory [Before]
2025-02-26T21:10:47.122-06:00  INFO 10908 --- [gateway] [           main] o.s.c.g.r.RouteDefinitionRouteLocator    : Loaded RoutePredicateFactory [Between]
2025-02-26T21:10:47.122-06:00  INFO 10908 --- [gateway] [           main] o.s.c.g.r.RouteDefinitionRouteLocator    : Loaded RoutePredicateFactory [Cookie]
2025-02-26T21:10:47.122-06:00  INFO 10908 --- [gateway] [           main] o.s.c.g.r.RouteDefinitionRouteLocator    : Loaded RoutePredicateFactory [Header]
2025-02-26T21:10:47.122-06:00  INFO 10908 --- [gateway] [           main] o.s.c.g.r.RouteDefinitionRouteLocator    : Loaded RoutePredicateFactory [Host]
2025-02-26T21:10:47.122-06:00  INFO 10908 --- [gateway] [           main] o.s.c.g.r.RouteDefinitionRouteLocator    : Loaded RoutePredicateFactory [Method]
2025-02-26T21:10:47.122-06:00  INFO 10908 --- [gateway] [           main] o.s.c.g.r.RouteDefinitionRouteLocator    : Loaded RoutePredicateFactory [Path]
2025-02-26T21:10:47.122-06:00  INFO 10908 --- [gateway] [           main] o.s.c.g.r.RouteDefinitionRouteLocator    : Loaded RoutePredicateFactory [Query]
2025-02-26T21:10:47.122-06:00  INFO 10908 --- [gateway] [           main] o.s.c.g.r.RouteDefinitionRouteLocator    : Loaded RoutePredicateFactory [ReadBody]
2025-02-26T21:10:47.122-06:00  INFO 10908 --- [gateway] [           main] o.s.c.g.r.RouteDefinitionRouteLocator    : Loaded RoutePredicateFactory [RemoteAddr]
2025-02-26T21:10:47.122-06:00  INFO 10908 --- [gateway] [           main] o.s.c.g.r.RouteDefinitionRouteLocator    : Loaded RoutePredicateFactory [XForwardedRemoteAddr]
2025-02-26T21:10:47.122-06:00  INFO 10908 --- [gateway] [           main] o.s.c.g.r.RouteDefinitionRouteLocator    : Loaded RoutePredicateFactory [Weight]
2025-02-26T21:10:47.122-06:00  INFO 10908 --- [gateway] [           main] o.s.c.g.r.RouteDefinitionRouteLocator    : Loaded RoutePredicateFactory [CloudFoundryRouteService]
2025-02-26T21:10:47.489-06:00  INFO 10908 --- [gateway] [           main] o.s.b.a.e.web.EndpointLinksResolver      : Exposing 18 endpoints beneath base path '/actuator'
2025-02-26T21:10:47.738-06:00  INFO 10908 --- [gateway] [           main] DiscoveryClientOptionalArgsConfiguration : Eureka HTTP Client uses RestTemplate.
2025-02-26T21:10:47.755-06:00  WARN 10908 --- [gateway] [           main] iguration$LoadBalancerCaffeineWarnLogger : Spring Cloud LoadBalancer is currently working with the default cache. While this cache implementation is useful for development and tests, it's recommended to use Caffeine cache in production.You can switch to using Caffeine cache, by adding it and org.springframework.cache.caffeine.CaffeineCacheManager to the classpath.
2025-02-26T21:10:47.834-06:00  INFO 10908 --- [gateway] [           main] o.s.c.n.eureka.InstanceInfoFactory       : Setting initial instance status as: STARTING
2025-02-26T21:10:47.855-06:00  INFO 10908 --- [gateway] [           main] com.netflix.discovery.DiscoveryClient    : Initializing Eureka in region us-east-1
2025-02-26T21:10:47.855-06:00  INFO 10908 --- [gateway] [           main] c.n.d.s.r.aws.ConfigClusterResolver      : Resolving eureka endpoints via configuration
2025-02-26T21:10:47.872-06:00  INFO 10908 --- [gateway] [           main] com.netflix.discovery.DiscoveryClient    : Starting heartbeat executor: renew interval is: 30
2025-02-26T21:10:47.872-06:00  INFO 10908 --- [gateway] [           main] c.n.discovery.InstanceInfoReplicator     : InstanceInfoReplicator onDemand update allowed rate per min is 4
2025-02-26T21:10:47.872-06:00  INFO 10908 --- [gateway] [           main] com.netflix.discovery.DiscoveryClient    : Discovery Client initialized at timestamp 1740625847872 with initial instances count: 0
2025-02-26T21:10:47.882-06:00  INFO 10908 --- [gateway] [           main] o.s.c.n.e.s.EurekaServiceRegistry        : Registering application GATEWAY with eureka with status UP
2025-02-26T21:10:47.882-06:00  INFO 10908 --- [gateway] [           main] com.netflix.discovery.DiscoveryClient    : Saw local status change event StatusChangeEvent [timestamp=1740625847882, current=UP, previous=STARTING]
2025-02-26T21:10:47.882-06:00  INFO 10908 --- [gateway] [foReplicator-%d] com.netflix.discovery.DiscoveryClient    : DiscoveryClient_GATEWAY/host.docker.internal:gateway:8080: registering service...
2025-02-26T21:10:47.999-06:00  INFO 10908 --- [gateway] [           main] g.u.a.gateway.GatewayApplicationTests    : Started GatewayApplicationTests in 3.642 seconds (process running for 4.707)
]]></system-out>
  </testcase>
</testsuite>